{"C:\\Users\\Lucas\\Documents\\Meu\\DEV\\zap_flow_project\\config\\env.js": {"path":"C:\\Users\\Lucas\\Documents\\Meu\\DEV\\zap_flow_project\\config\\env.js","statementMap":{"0":{"start":{"line":4,"column":15},"end":{"line":11,"column":1}}},"fnMap":{},"branchMap":{},"s":{"0":2},"f":{},"b":{},"_coverageSchema":"1a1c01bbd47fc00a2c39e90264f33305004495a9","hash":"efa4dfcd4118215a54da0653dec8a935323ba6e0"}
,"C:\\Users\\Lucas\\Documents\\Meu\\DEV\\zap_flow_project\\src\\bot\\messageHandler.js": {"path":"C:\\Users\\Lucas\\Documents\\Meu\\DEV\\zap_flow_project\\src\\bot\\messageHandler.js","statementMap":{"0":{"start":{"line":7,"column":19},"end":{"line":7,"column":27}},"1":{"start":{"line":8,"column":17},"end":{"line":8,"column":31}},"2":{"start":{"line":9,"column":20},"end":{"line":9,"column":38}},"3":{"start":{"line":10,"column":17},"end":{"line":10,"column":37}},"4":{"start":{"line":12,"column":4},"end":{"line":15,"column":5}},"5":{"start":{"line":13,"column":8},"end":{"line":13,"column":55}},"6":{"start":{"line":14,"column":8},"end":{"line":14,"column":15}},"7":{"start":{"line":17,"column":4},"end":{"line":24,"column":5}},"8":{"start":{"line":19,"column":8},"end":{"line":19,"column":87}},"9":{"start":{"line":21,"column":8},"end":{"line":21,"column":119}},"10":{"start":{"line":23,"column":8},"end":{"line":23,"column":15}},"11":{"start":{"line":27,"column":4},"end":{"line":44,"column":5}},"12":{"start":{"line":28,"column":22},"end":{"line":28,"column":47}},"13":{"start":{"line":30,"column":8},"end":{"line":43,"column":9}},"14":{"start":{"line":31,"column":12},"end":{"line":31,"column":38}},"15":{"start":{"line":33,"column":12},"end":{"line":33,"column":43}},"16":{"start":{"line":35,"column":12},"end":{"line":35,"column":74}},"17":{"start":{"line":37,"column":12},"end":{"line":42,"column":13}},"18":{"start":{"line":38,"column":16},"end":{"line":38,"column":42}},"19":{"start":{"line":39,"column":16},"end":{"line":39,"column":52}},"20":{"start":{"line":40,"column":16},"end":{"line":40,"column":74}},"21":{"start":{"line":41,"column":16},"end":{"line":41,"column":37}}},"fnMap":{"0":{"name":"handleMessage","decl":{"start":{"line":6,"column":15},"end":{"line":6,"column":28}},"loc":{"start":{"line":6,"column":41},"end":{"line":45,"column":1}},"line":6}},"branchMap":{"0":{"loc":{"start":{"line":8,"column":17},"end":{"line":8,"column":31}},"type":"binary-expr","locations":[{"start":{"line":8,"column":17},"end":{"line":8,"column":25}},{"start":{"line":8,"column":29},"end":{"line":8,"column":31}}],"line":8},"1":{"loc":{"start":{"line":12,"column":4},"end":{"line":15,"column":5}},"type":"if","locations":[{"start":{"line":12,"column":4},"end":{"line":15,"column":5}},{"start":{},"end":{}}],"line":12},"2":{"loc":{"start":{"line":17,"column":4},"end":{"line":24,"column":5}},"type":"if","locations":[{"start":{"line":17,"column":4},"end":{"line":24,"column":5}},{"start":{},"end":{}}],"line":17},"3":{"loc":{"start":{"line":27,"column":4},"end":{"line":44,"column":5}},"type":"if","locations":[{"start":{"line":27,"column":4},"end":{"line":44,"column":5}},{"start":{},"end":{}}],"line":27},"4":{"loc":{"start":{"line":27,"column":8},"end":{"line":27,"column":36}},"type":"binary-expr","locations":[{"start":{"line":27,"column":8},"end":{"line":27,"column":20}},{"start":{"line":27,"column":24},"end":{"line":27,"column":36}}],"line":27},"5":{"loc":{"start":{"line":30,"column":8},"end":{"line":43,"column":9}},"type":"if","locations":[{"start":{"line":30,"column":8},"end":{"line":43,"column":9}},{"start":{},"end":{}}],"line":30},"6":{"loc":{"start":{"line":30,"column":12},"end":{"line":30,"column":55}},"type":"binary-expr","locations":[{"start":{"line":30,"column":12},"end":{"line":30,"column":17}},{"start":{"line":30,"column":21},"end":{"line":30,"column":55}}],"line":30},"7":{"loc":{"start":{"line":37,"column":12},"end":{"line":42,"column":13}},"type":"if","locations":[{"start":{"line":37,"column":12},"end":{"line":42,"column":13}},{"start":{},"end":{}}],"line":37},"8":{"loc":{"start":{"line":37,"column":16},"end":{"line":37,"column":65}},"type":"binary-expr","locations":[{"start":{"line":37,"column":16},"end":{"line":37,"column":42}},{"start":{"line":37,"column":46},"end":{"line":37,"column":65}}],"line":37}},"s":{"0":2,"1":2,"2":2,"3":2,"4":2,"5":0,"6":0,"7":2,"8":0,"9":0,"10":0,"11":2,"12":0,"13":0,"14":0,"15":0,"16":0,"17":0,"18":0,"19":0,"20":0,"21":0},"f":{"0":2},"b":{"0":[2,0],"1":[0,2],"2":[0,2],"3":[0,2],"4":[2,0],"5":[0,0],"6":[0,0],"7":[0,0],"8":[0,0]},"_coverageSchema":"1a1c01bbd47fc00a2c39e90264f33305004495a9","hash":"40eaa96337084380f08ab4e50b5350799186ab61"}
,"C:\\Users\\Lucas\\Documents\\Meu\\DEV\\zap_flow_project\\src\\sessions\\sessionManager.js": {"path":"C:\\Users\\Lucas\\Documents\\Meu\\DEV\\zap_flow_project\\src\\sessions\\sessionManager.js","statementMap":{"0":{"start":{"line":1,"column":17},"end":{"line":1,"column":26}},"1":{"start":{"line":4,"column":4},"end":{"line":4,"column":113}},"2":{"start":{"line":8,"column":4},"end":{"line":8,"column":68}},"3":{"start":{"line":12,"column":4},"end":{"line":16,"column":5}},"4":{"start":{"line":13,"column":24},"end":{"line":13,"column":44}},"5":{"start":{"line":14,"column":8},"end":{"line":14,"column":59}},"6":{"start":{"line":14,"column":29},"end":{"line":14,"column":59}},"7":{"start":{"line":15,"column":8},"end":{"line":15,"column":32}}},"fnMap":{"0":{"name":"getSession","decl":{"start":{"line":3,"column":16},"end":{"line":3,"column":26}},"loc":{"start":{"line":3,"column":35},"end":{"line":5,"column":1}},"line":3},"1":{"name":"updateSession","decl":{"start":{"line":7,"column":16},"end":{"line":7,"column":29}},"loc":{"start":{"line":7,"column":51},"end":{"line":9,"column":1}},"line":7},"2":{"name":"clearSession","decl":{"start":{"line":11,"column":16},"end":{"line":11,"column":28}},"loc":{"start":{"line":11,"column":37},"end":{"line":17,"column":1}},"line":11}},"branchMap":{"0":{"loc":{"start":{"line":4,"column":11},"end":{"line":4,"column":112}},"type":"binary-expr","locations":[{"start":{"line":4,"column":11},"end":{"line":4,"column":31}},{"start":{"line":4,"column":35},"end":{"line":4,"column":112}}],"line":4},"1":{"loc":{"start":{"line":12,"column":4},"end":{"line":16,"column":5}},"type":"if","locations":[{"start":{"line":12,"column":4},"end":{"line":16,"column":5}},{"start":{},"end":{}}],"line":12},"2":{"loc":{"start":{"line":14,"column":8},"end":{"line":14,"column":59}},"type":"if","locations":[{"start":{"line":14,"column":8},"end":{"line":14,"column":59}},{"start":{},"end":{}}],"line":14}},"s":{"0":2,"1":6,"2":1,"3":1,"4":1,"5":1,"6":0,"7":1},"f":{"0":6,"1":1,"2":1},"b":{"0":[6,5],"1":[1,0],"2":[0,1]},"_coverageSchema":"1a1c01bbd47fc00a2c39e90264f33305004495a9","hash":"f6ba4046ef658d5c19a7dca957fe8a126db3a6b7"}
,"C:\\Users\\Lucas\\Documents\\Meu\\DEV\\zap_flow_project\\src\\trello\\api.js": {"path":"C:\\Users\\Lucas\\Documents\\Meu\\DEV\\zap_flow_project\\src\\trello\\api.js","statementMap":{"0":{"start":{"line":7,"column":2},"end":{"line":23,"column":3}},"1":{"start":{"line":8,"column":16},"end":{"line":16,"column":5}},"2":{"start":{"line":18,"column":21},"end":{"line":18,"column":100}},"3":{"start":{"line":18,"column":44},"end":{"line":18,"column":99}},"4":{"start":{"line":19,"column":4},"end":{"line":19,"column":41}},"5":{"start":{"line":21,"column":4},"end":{"line":21,"column":52}},"6":{"start":{"line":22,"column":4},"end":{"line":22,"column":16}},"7":{"start":{"line":28,"column":2},"end":{"line":34,"column":3}},"8":{"start":{"line":29,"column":16},"end":{"line":29,"column":84}},"9":{"start":{"line":30,"column":4},"end":{"line":30,"column":20}},"10":{"start":{"line":32,"column":4},"end":{"line":32,"column":48}},"11":{"start":{"line":33,"column":4},"end":{"line":33,"column":14}},"12":{"start":{"line":39,"column":15},"end":{"line":39,"column":29}},"13":{"start":{"line":40,"column":2},"end":{"line":43,"column":5}},"14":{"start":{"line":45,"column":2},"end":{"line":51,"column":5}}},"fnMap":{"0":{"name":"searchTagId","decl":{"start":{"line":6,"column":15},"end":{"line":6,"column":26}},"loc":{"start":{"line":6,"column":41},"end":{"line":24,"column":1}},"line":6},"1":{"name":"(anonymous_1)","decl":{"start":{"line":18,"column":35},"end":{"line":18,"column":36}},"loc":{"start":{"line":18,"column":44},"end":{"line":18,"column":99}},"line":18},"2":{"name":"createCard","decl":{"start":{"line":27,"column":15},"end":{"line":27,"column":25}},"loc":{"start":{"line":27,"column":34},"end":{"line":35,"column":1}},"line":27},"3":{"name":"attachImageToCard","decl":{"start":{"line":38,"column":15},"end":{"line":38,"column":32}},"loc":{"start":{"line":38,"column":48},"end":{"line":52,"column":1}},"line":38}},"branchMap":{"0":{"loc":{"start":{"line":19,"column":11},"end":{"line":19,"column":40}},"type":"cond-expr","locations":[{"start":{"line":19,"column":22},"end":{"line":19,"column":33}},{"start":{"line":19,"column":36},"end":{"line":19,"column":40}}],"line":19}},"s":{"0":2,"1":2,"2":2,"3":1,"4":2,"5":0,"6":0,"7":0,"8":0,"9":0,"10":0,"11":0,"12":0,"13":0,"14":0},"f":{"0":2,"1":1,"2":0,"3":0},"b":{"0":[1,1]},"_coverageSchema":"1a1c01bbd47fc00a2c39e90264f33305004495a9","hash":"d0b51b70ee0493e4ae15684703c076793f998ea9"}
,"C:\\Users\\Lucas\\Documents\\Meu\\DEV\\zap_flow_project\\src\\trello\\cardBuilder.js": {"path":"C:\\Users\\Lucas\\Documents\\Meu\\DEV\\zap_flow_project\\src\\trello\\cardBuilder.js","statementMap":{"0":{"start":{"line":5,"column":23},"end":{"line":5,"column":65}},"1":{"start":{"line":7,"column":23},"end":{"line":13,"column":5}},"2":{"start":{"line":15,"column":4},"end":{"line":15,"column":53}},"3":{"start":{"line":15,"column":20},"end":{"line":15,"column":53}},"4":{"start":{"line":17,"column":17},"end":{"line":17,"column":45}},"5":{"start":{"line":19,"column":4},"end":{"line":21,"column":5}},"6":{"start":{"line":20,"column":8},"end":{"line":20,"column":48}}},"fnMap":{"0":{"name":"createCardWithImages","decl":{"start":{"line":4,"column":15},"end":{"line":4,"column":35}},"loc":{"start":{"line":4,"column":45},"end":{"line":22,"column":1}},"line":4}},"branchMap":{"0":{"loc":{"start":{"line":15,"column":4},"end":{"line":15,"column":53}},"type":"if","locations":[{"start":{"line":15,"column":4},"end":{"line":15,"column":53}},{"start":{},"end":{}}],"line":15}},"s":{"0":0,"1":0,"2":0,"3":0,"4":0,"5":0,"6":0},"f":{"0":0},"b":{"0":[0,0]},"_coverageSchema":"1a1c01bbd47fc00a2c39e90264f33305004495a9","hash":"2bc9fb61a223649de331e723378ba1774e8d6fb1"}
,"C:\\Users\\Lucas\\Documents\\Meu\\DEV\\zap_flow_project\\src\\utils\\parser.js": {"path":"C:\\Users\\Lucas\\Documents\\Meu\\DEV\\zap_flow_project\\src\\utils\\parser.js","statementMap":{"0":{"start":{"line":3,"column":22},"end":{"line":3,"column":66}},"1":{"start":{"line":4,"column":17},"end":{"line":4,"column":75}},"2":{"start":{"line":4,"column":50},"end":{"line":4,"column":58}},"3":{"start":{"line":6,"column":20},"end":{"line":6,"column":73}},"4":{"start":{"line":6,"column":37},"end":{"line":6,"column":72}},"5":{"start":{"line":8,"column":13},"end":{"line":8,"column":17}},"6":{"start":{"line":9,"column":14},"end":{"line":9,"column":18}},"7":{"start":{"line":10,"column":12},"end":{"line":10,"column":16}},"8":{"start":{"line":12,"column":2},"end":{"line":47,"column":3}},"9":{"start":{"line":14,"column":4},"end":{"line":22,"column":5}},"10":{"start":{"line":18,"column":21},"end":{"line":18,"column":76}},"11":{"start":{"line":19,"column":6},"end":{"line":21,"column":7}},"12":{"start":{"line":19,"column":50},"end":{"line":19,"column":58}},"13":{"start":{"line":20,"column":8},"end":{"line":20,"column":32}},"14":{"start":{"line":25,"column":4},"end":{"line":40,"column":5}},"15":{"start":{"line":34,"column":25},"end":{"line":34,"column":77}},"16":{"start":{"line":36,"column":6},"end":{"line":39,"column":27}},"17":{"start":{"line":39,"column":8},"end":{"line":39,"column":27}},"18":{"start":{"line":43,"column":4},"end":{"line":46,"column":5}},"19":{"start":{"line":44,"column":23},"end":{"line":44,"column":64}},"20":{"start":{"line":45,"column":6},"end":{"line":45,"column":52}},"21":{"start":{"line":45,"column":37},"end":{"line":45,"column":52}},"22":{"start":{"line":49,"column":17},"end":{"line":49,"column":54}},"23":{"start":{"line":50,"column":21},"end":{"line":50,"column":59}},"24":{"start":{"line":52,"column":2},"end":{"line":52,"column":50}}},"fnMap":{"0":{"name":"analyseMessage","decl":{"start":{"line":2,"column":9},"end":{"line":2,"column":23}},"loc":{"start":{"line":2,"column":31},"end":{"line":53,"column":1}},"line":2},"1":{"name":"(anonymous_1)","decl":{"start":{"line":4,"column":45},"end":{"line":4,"column":46}},"loc":{"start":{"line":4,"column":50},"end":{"line":4,"column":58}},"line":4},"2":{"name":"(anonymous_2)","decl":{"start":{"line":6,"column":32},"end":{"line":6,"column":33}},"loc":{"start":{"line":6,"column":37},"end":{"line":6,"column":72}},"line":6},"3":{"name":"(anonymous_3)","decl":{"start":{"line":19,"column":45},"end":{"line":19,"column":46}},"loc":{"start":{"line":19,"column":50},"end":{"line":19,"column":58}},"line":19}},"branchMap":{"0":{"loc":{"start":{"line":14,"column":4},"end":{"line":22,"column":5}},"type":"if","locations":[{"start":{"line":14,"column":4},"end":{"line":22,"column":5}},{"start":{},"end":{}}],"line":14},"1":{"loc":{"start":{"line":15,"column":6},"end":{"line":17,"column":60}},"type":"binary-expr","locations":[{"start":{"line":15,"column":6},"end":{"line":15,"column":11}},{"start":{"line":16,"column":6},"end":{"line":16,"column":42}},{"start":{"line":17,"column":7},"end":{"line":17,"column":25}},{"start":{"line":17,"column":29},"end":{"line":17,"column":59}}],"line":15},"2":{"loc":{"start":{"line":19,"column":6},"end":{"line":21,"column":7}},"type":"if","locations":[{"start":{"line":19,"column":6},"end":{"line":21,"column":7}},{"start":{},"end":{}}],"line":19},"3":{"loc":{"start":{"line":19,"column":10},"end":{"line":19,"column":59}},"type":"binary-expr","locations":[{"start":{"line":19,"column":10},"end":{"line":19,"column":28}},{"start":{"line":19,"column":32},"end":{"line":19,"column":59}}],"line":19},"4":{"loc":{"start":{"line":25,"column":4},"end":{"line":40,"column":5}},"type":"if","locations":[{"start":{"line":25,"column":4},"end":{"line":40,"column":5}},{"start":{},"end":{}}],"line":25},"5":{"loc":{"start":{"line":26,"column":6},"end":{"line":32,"column":7}},"type":"binary-expr","locations":[{"start":{"line":26,"column":6},"end":{"line":26,"column":12}},{"start":{"line":28,"column":8},"end":{"line":28,"column":34}},{"start":{"line":29,"column":8},"end":{"line":29,"column":32}},{"start":{"line":31,"column":8},"end":{"line":31,"column":61}}],"line":26},"6":{"loc":{"start":{"line":36,"column":6},"end":{"line":39,"column":27}},"type":"if","locations":[{"start":{"line":36,"column":6},"end":{"line":39,"column":27}},{"start":{},"end":{}}],"line":36},"7":{"loc":{"start":{"line":37,"column":8},"end":{"line":38,"column":66}},"type":"binary-expr","locations":[{"start":{"line":37,"column":8},"end":{"line":37,"column":37}},{"start":{"line":38,"column":8},"end":{"line":38,"column":66}}],"line":37},"8":{"loc":{"start":{"line":43,"column":4},"end":{"line":46,"column":5}},"type":"if","locations":[{"start":{"line":43,"column":4},"end":{"line":46,"column":5}},{"start":{},"end":{}}],"line":43},"9":{"loc":{"start":{"line":43,"column":8},"end":{"line":43,"column":61}},"type":"binary-expr","locations":[{"start":{"line":43,"column":8},"end":{"line":43,"column":12}},{"start":{"line":43,"column":17},"end":{"line":43,"column":34}},{"start":{"line":43,"column":38},"end":{"line":43,"column":60}}],"line":43},"10":{"loc":{"start":{"line":45,"column":6},"end":{"line":45,"column":52}},"type":"if","locations":[{"start":{"line":45,"column":6},"end":{"line":45,"column":52}},{"start":{},"end":{}}],"line":45},"11":{"loc":{"start":{"line":49,"column":20},"end":{"line":49,"column":53}},"type":"binary-expr","locations":[{"start":{"line":49,"column":20},"end":{"line":49,"column":29}},{"start":{"line":49,"column":33},"end":{"line":49,"column":37}},{"start":{"line":49,"column":41},"end":{"line":49,"column":46}},{"start":{"line":49,"column":50},"end":{"line":49,"column":53}}],"line":49},"12":{"loc":{"start":{"line":50,"column":24},"end":{"line":50,"column":58}},"type":"binary-expr","locations":[{"start":{"line":50,"column":24},"end":{"line":50,"column":28}},{"start":{"line":50,"column":32},"end":{"line":50,"column":37}},{"start":{"line":50,"column":41},"end":{"line":50,"column":44}},{"start":{"line":50,"column":48},"end":{"line":50,"column":58}}],"line":50}},"s":{"0":6,"1":6,"2":14,"3":6,"4":8,"5":6,"6":6,"7":6,"8":6,"9":14,"10":5,"11":5,"12":13,"13":5,"14":14,"15":3,"16":3,"17":3,"18":14,"19":3,"20":3,"21":3,"22":6,"23":6,"24":6},"f":{"0":6,"1":14,"2":8,"3":13},"b":{"0":[5,9],"1":[14,8,6,5],"2":[5,0],"3":[5,5],"4":[3,11],"5":[14,11,10,8],"6":[3,0],"7":[3,0],"8":[3,11],"9":[14,12,11],"10":[3,0],"11":[6,2,2,2],"12":[6,5,3,3]},"_coverageSchema":"1a1c01bbd47fc00a2c39e90264f33305004495a9","hash":"3840878690eed93b1fddf3e4621ff93dd442c15f"}
}
