TN:
SF:config\env.js
FNF:0
FNH:0
DA:4,2
LF:1
LH:1
BRF:0
BRH:0
end_of_record
TN:
SF:src\bot\messageHandler.js
FN:6,handleMessage
FNF:1
FNH:1
FNDA:2,handleMessage
DA:7,2
DA:8,2
DA:9,2
DA:10,2
DA:12,2
DA:13,0
DA:14,0
DA:17,2
DA:19,0
DA:21,0
DA:23,0
DA:27,2
DA:28,0
DA:30,0
DA:31,0
DA:33,0
DA:35,0
DA:37,0
DA:38,0
DA:39,0
DA:40,0
DA:41,0
LF:22
LH:7
BRDA:8,0,0,2
BRDA:8,0,1,0
BRDA:12,1,0,0
BRDA:12,1,1,2
BRDA:17,2,0,0
BRDA:17,2,1,2
BRDA:27,3,0,0
BRDA:27,3,1,2
BRDA:27,4,0,2
BRDA:27,4,1,0
BRDA:30,5,0,0
BRDA:30,5,1,0
BRDA:30,6,0,0
BRDA:30,6,1,0
BRDA:37,7,0,0
BRDA:37,7,1,0
BRDA:37,8,0,0
BRDA:37,8,1,0
BRF:18
BRH:5
end_of_record
TN:
SF:src\sessions\sessionManager.js
FN:3,getSession
FN:7,updateSession
FN:11,clearSession
FNF:3
FNH:3
FNDA:6,getSession
FNDA:1,updateSession
FNDA:1,clearSession
DA:1,2
DA:4,6
DA:8,1
DA:12,1
DA:13,1
DA:14,1
DA:15,1
LF:7
LH:7
BRDA:4,0,0,6
BRDA:4,0,1,5
BRDA:12,1,0,1
BRDA:12,1,1,0
BRDA:14,2,0,0
BRDA:14,2,1,1
BRF:6
BRH:4
end_of_record
TN:
SF:src\trello\api.js
FN:6,searchTagId
FN:18,(anonymous_1)
FN:27,createCard
FN:38,attachImageToCard
FNF:4
FNH:2
FNDA:2,searchTagId
FNDA:1,(anonymous_1)
FNDA:0,createCard
FNDA:0,attachImageToCard
DA:7,2
DA:8,2
DA:18,2
DA:19,2
DA:21,0
DA:22,0
DA:28,0
DA:29,0
DA:30,0
DA:32,0
DA:33,0
DA:39,0
DA:40,0
DA:45,0
LF:14
LH:4
BRDA:19,0,0,1
BRDA:19,0,1,1
BRF:2
BRH:2
end_of_record
TN:
SF:src\trello\cardBuilder.js
FN:4,createCardWithImages
FNF:1
FNH:0
FNDA:0,createCardWithImages
DA:5,0
DA:7,0
DA:15,0
DA:17,0
DA:19,0
DA:20,0
LF:6
LH:0
BRDA:15,0,0,0
BRDA:15,0,1,0
BRF:2
BRH:0
end_of_record
TN:
SF:src\utils\parser.js
FN:2,analyseMessage
FN:4,(anonymous_1)
FN:6,(anonymous_2)
FN:19,(anonymous_3)
FNF:4
FNH:4
FNDA:6,analyseMessage
FNDA:14,(anonymous_1)
FNDA:8,(anonymous_2)
FNDA:13,(anonymous_3)
DA:3,6
DA:4,14
DA:6,8
DA:8,6
DA:9,6
DA:10,6
DA:12,6
DA:14,14
DA:18,5
DA:19,13
DA:20,5
DA:25,14
DA:34,3
DA:36,3
DA:39,3
DA:43,14
DA:44,3
DA:45,3
DA:49,6
DA:50,6
DA:52,6
LF:21
LH:21
BRDA:14,0,0,5
BRDA:14,0,1,9
BRDA:15,1,0,14
BRDA:15,1,1,8
BRDA:15,1,2,6
BRDA:15,1,3,5
BRDA:19,2,0,5
BRDA:19,2,1,0
BRDA:19,3,0,5
BRDA:19,3,1,5
BRDA:25,4,0,3
BRDA:25,4,1,11
BRDA:26,5,0,14
BRDA:26,5,1,11
BRDA:26,5,2,10
BRDA:26,5,3,8
BRDA:36,6,0,3
BRDA:36,6,1,0
BRDA:37,7,0,3
BRDA:37,7,1,0
BRDA:43,8,0,3
BRDA:43,8,1,11
BRDA:43,9,0,14
BRDA:43,9,1,12
BRDA:43,9,2,11
BRDA:45,10,0,3
BRDA:45,10,1,0
BRDA:49,11,0,6
BRDA:49,11,1,2
BRDA:49,11,2,2
BRDA:49,11,3,2
BRDA:50,12,0,6
BRDA:50,12,1,5
BRDA:50,12,2,3
BRDA:50,12,3,3
BRF:35
BRH:31
end_of_record
